<?xml version="1.0" encoding="UTF-8"?>
<testng-results total="0" passed="0" failed="0" skipped="0">
  <reporter-output>
  </reporter-output>
  <suite started-at="2022-06-06T10:47:28Z" name="calculadora.TestCalculadora" finished-at="2022-06-06T10:47:28Z" duration-ms="4">
    <groups>
    </groups>
    <test started-at="2022-06-06T10:47:28Z" name="Command line test" finished-at="2022-06-06T10:47:28Z" duration-ms="4">
    </test> <!-- Command line test -->
  </suite> <!-- calculadora.TestCalculadora -->
</testng-results>
